<?xml version="1.0" encoding="UTF-8"?>
<!-- Generated by org.testng.reporters.JUnitReportReporter -->
<testsuite hostname="DESKTOP-U2FSUON" failures="0" tests="3" name="com.xyz.qa.testcases.LoginPageTest" time="18.160" errors="0" timestamp="07 Mar 2024 06:17:52 GMT" skipped="0">
  <testcase classname="com.xyz.qa.testcases.LoginPageTest" name="loginPageTitleTest" time="5.352"/>
  <testcase classname="com.xyz.qa.testcases.LoginPageTest" name="loginTest" time="6.585"/>
  <testcase classname="com.xyz.qa.testcases.LoginPageTest" name="loginButtonNotDisplayedTest" time="6.223"/>
</testsuite> <!-- com.xyz.qa.testcases.LoginPageTest -->
