<?xml version="1.0" encoding="UTF-8"?>
<!-- Generated by org.testng.reporters.JUnitReportReporter -->
<testsuite hostname="DESKTOP-U2FSUON" failures="0" tests="1" name="com.xyz.qa.testcases.CustomerAccountPageTest" time="8.652" errors="0" timestamp="07 Mar 2024 09:43:16 GMT" skipped="0">
  <testcase classname="com.xyz.qa.testcases.CustomerAccountPageTest" name="verifyCustomerAccountDetails" time="8.652"/>
</testsuite> <!-- com.xyz.qa.testcases.CustomerAccountPageTest -->
