<?xml version="1.0" encoding="UTF-8"?>
<!-- Generated by org.testng.reporters.JUnitReportReporter -->
<testsuite hostname="DESKTOP-U2FSUON" failures="0" tests="1" name="com.xyz.qa.testcases.Customer_Deposit_Page_Test" time="7.833" errors="0" timestamp="08 Mar 2024 03:57:31 GMT" skipped="0">
  <testcase classname="com.xyz.qa.testcases.Customer_Deposit_Page_Test" name="depositAmountAndVerifyTransaction" time="7.833"/>
</testsuite> <!-- com.xyz.qa.testcases.Customer_Deposit_Page_Test -->
