<?xml version="1.0" encoding="UTF-8"?>
<!-- Generated by org.testng.reporters.JUnitReportReporter -->
<testsuite hostname="DESKTOP-U2FSUON" failures="0" tests="1" name="com.xyz.qa.testcases.WithdrawPageTest" time="9.012" errors="0" timestamp="07 Mar 2024 08:44:38 GMT" skipped="0">
  <testcase classname="com.xyz.qa.testcases.WithdrawPageTest" name="testWithdrawalFunctions" time="9.012"/>
</testsuite> <!-- com.xyz.qa.testcases.WithdrawPageTest -->
