<?xml version="1.0" encoding="UTF-8"?>
<!-- Generated by org.testng.reporters.JUnitReportReporter -->
<testsuite hostname="DESKTOP-U2FSUON" failures="0" tests="1" name="com.xyz.qa.testcases.Manager_Customers_Page_Test" time="41.888" errors="0" timestamp="08 Mar 2024 03:33:53 GMT" skipped="0">
  <testcase classname="com.xyz.qa.testcases.Manager_Customers_Page_Test" name="verifyCustomerDetailsAndDelete" time="41.888"/>
</testsuite> <!-- com.xyz.qa.testcases.Manager_Customers_Page_Test -->
