<?xml version="1.0" encoding="UTF-8"?>
<!-- Generated by org.testng.reporters.JUnitReportReporter -->
<testsuite hostname="DESKTOP-U2FSUON" failures="0" tests="1" name="com.xyz.qa.testcases.Customer_Transaction_Page_Test" time="9.999" errors="0" timestamp="07 Mar 2024 10:53:25 GMT" skipped="0">
  <testcase classname="com.xyz.qa.testcases.Customer_Transaction_Page_Test" name="depositWithdrawAndVerifyTransactions" time="9.999"/>
</testsuite> <!-- com.xyz.qa.testcases.Customer_Transaction_Page_Test -->
