<?xml version="1.0" encoding="UTF-8"?>
<!-- Generated by org.testng.reporters.JUnitReportReporter -->
<testsuite hostname="DESKTOP-U2FSUON" failures="0" tests="1" name="com.xyz.qa.testcases.DepositPageTest" time="8.807" errors="0" timestamp="07 Mar 2024 09:01:31 GMT" skipped="0">
  <testcase classname="com.xyz.qa.testcases.DepositPageTest" name="depositAmountAndVerifyTransaction" time="8.807"/>
</testsuite> <!-- com.xyz.qa.testcases.DepositPageTest -->
