<?xml version="1.0" encoding="UTF-8"?>
<!-- Generated by org.testng.reporters.JUnitReportReporter -->
<testsuite hostname="DESKTOP-U2FSUON" failures="0" tests="1" name="com.xyz.qa.testcases.Customer_Account_Page_Test" time="10.592" errors="0" timestamp="08 Mar 2024 07:25:11 GMT" skipped="0">
  <testcase classname="com.xyz.qa.testcases.Customer_Account_Page_Test" name="verifyCustomerAccountDetails" time="10.592"/>
</testsuite> <!-- com.xyz.qa.testcases.Customer_Account_Page_Test -->
