<?xml version="1.0" encoding="UTF-8"?>
<!-- Generated by org.testng.reporters.JUnitReportReporter -->
<testsuite hostname="DESKTOP-U2FSUON" failures="0" tests="3" name="com.xyz.qa.testcases.Customer_Login_Page_Test" time="18.061" errors="0" timestamp="07 Mar 2024 11:25:56 GMT" skipped="0">
  <testcase classname="com.xyz.qa.testcases.Customer_Login_Page_Test" name="loginPageTitleTest" time="5.569"/>
  <testcase classname="com.xyz.qa.testcases.Customer_Login_Page_Test" name="loginTest" time="6.670"/>
  <testcase classname="com.xyz.qa.testcases.Customer_Login_Page_Test" name="loginButtonNotDisplayedTest" time="5.822"/>
</testsuite> <!-- com.xyz.qa.testcases.Customer_Login_Page_Test -->
